0 info it worked if it ends with ok
1 verbose cli [ '/home/ubuntu/.nvm/v0.10.35/bin/node',
1 verbose cli   '/home/ubuntu/.nvm/v0.10.35/bin/npm',
1 verbose cli   'install',
1 verbose cli   'bower-components' ]
2 info using npm@1.4.28
3 info using node@v0.10.35
4 verbose readDependencies using package.json deps
5 verbose cache add [ 'bower-components', null ]
6 verbose cache add name=undefined spec="bower-components" args=["bower-components",null]
7 verbose parsed url { protocol: null,
7 verbose parsed url   slashes: null,
7 verbose parsed url   auth: null,
7 verbose parsed url   host: null,
7 verbose parsed url   port: null,
7 verbose parsed url   hostname: null,
7 verbose parsed url   hash: null,
7 verbose parsed url   search: null,
7 verbose parsed url   query: null,
7 verbose parsed url   pathname: 'bower-components',
7 verbose parsed url   path: 'bower-components',
7 verbose parsed url   href: 'bower-components' }
8 silly lockFile 246364e8-bower-components bower-components
9 verbose lock bower-components /home/ubuntu/.npm/246364e8-bower-components.lock
10 silly lockFile 246364e8-bower-components bower-components
11 silly lockFile 246364e8-bower-components bower-components
12 verbose addNamed [ 'bower-components', '' ]
13 verbose addNamed [ null, '*' ]
14 silly lockFile 3d4d398b-bower-components bower-components@
15 verbose lock bower-components@ /home/ubuntu/.npm/3d4d398b-bower-components.lock
16 silly addNameRange { name: 'bower-components', range: '*', hasData: false }
17 verbose request where is /bower-components
18 verbose request registry https://registry.npmjs.org/
19 verbose request id ab0c183c45565f8f
20 verbose url raw /bower-components
21 verbose url resolving [ 'https://registry.npmjs.org/', './bower-components' ]
22 verbose url resolved https://registry.npmjs.org/bower-components
23 verbose request where is https://registry.npmjs.org/bower-components
24 info trying registry request attempt 1 at 14:48:23
25 http GET https://registry.npmjs.org/bower-components
26 http 404 https://registry.npmjs.org/bower-components
27 silly registry.get cb [ 404,
27 silly registry.get   { 'content-type': 'application/json',
27 silly registry.get     'cache-control': 'max-age=0',
27 silly registry.get     'content-length': '2',
27 silly registry.get     'accept-ranges': 'bytes',
27 silly registry.get     date: 'Fri, 23 Oct 2015 14:48:24 GMT',
27 silly registry.get     via: '1.1 varnish',
27 silly registry.get     age: '0',
27 silly registry.get     connection: 'keep-alive',
27 silly registry.get     'x-served-by': 'cache-dfw1832-DFW',
27 silly registry.get     'x-cache': 'MISS',
27 silly registry.get     'x-cache-hits': '0',
27 silly registry.get     'x-timer': 'S1445611703.987002,VS0,VE56' } ]
28 silly lockFile 3d4d398b-bower-components bower-components@
29 silly lockFile 3d4d398b-bower-components bower-components@
30 error 404 Not Found
30 error 404
30 error 404 'bower-components' is not in the npm registry.
30 error 404 You should bug the author to publish it
30 error 404 It was specified as a dependency of 'foundation-libsass-template'
30 error 404
30 error 404 Note that you can also install from a
30 error 404 tarball, folder, or http url, or git url.
31 error System Linux 3.14.13-c9
32 error command "/home/ubuntu/.nvm/v0.10.35/bin/node" "/home/ubuntu/.nvm/v0.10.35/bin/npm" "install" "bower-components"
33 error cwd /home/ubuntu/workspace
34 error node -v v0.10.35
35 error npm -v 1.4.28
36 error code E404
37 verbose exit [ 1, true ]
